25-Jul-20 23:51:59 - INFO - /home/kakajan/Projects/Kitap/myapp/views.py changed, reloading.
25-Jul-20 23:52:07 - ERROR - Internal Server Error: /
Traceback (most recent call last):
  File "/home/kakajan/Projects/env/lib/python3.8/site-packages/django/core/handlers/exception.py", line 34, in inner
    response = get_response(request)
  File "/home/kakajan/Projects/env/lib/python3.8/site-packages/django/core/handlers/base.py", line 115, in _get_response
    response = self.process_exception_by_middleware(e, request)
  File "/home/kakajan/Projects/env/lib/python3.8/site-packages/django/core/handlers/base.py", line 113, in _get_response
    response = wrapped_callback(request, *callback_args, **callback_kwargs)
  File "/home/kakajan/Projects/env/lib/python3.8/site-packages/django/utils/decorators.py", line 130, in _wrapped_view
    response = view_func(request, *args, **kwargs)
  File "/home/kakajan/Projects/env/lib/python3.8/site-packages/django/views/generic/base.py", line 71, in view
    return self.dispatch(request, *args, **kwargs)
  File "/home/kakajan/Projects/env/lib/python3.8/site-packages/django/views/generic/base.py", line 97, in dispatch
    return handler(request, *args, **kwargs)
  File "/home/kakajan/Projects/Kitap/myapp/views.py", line 34, in get
    a = 1 / 0
ZeroDivisionError: division by zero
25-Jul-20 23:52:44 - INFO - /home/kakajan/Projects/Kitap/myapp/views.py changed, reloading.
26-Jul-20 11:29:36 - INFO - /home/kakajan/Projects/Kitap/myapp/models.py changed, reloading.
26-Jul-20 11:32:05 - INFO - /home/kakajan/Projects/Kitap/myapp/admin.py changed, reloading.
26-Jul-20 11:32:20 - INFO - /home/kakajan/Projects/Kitap/myapp/admin.py changed, reloading.
26-Jul-20 12:10:38 - INFO - /home/kakajan/Projects/Kitap/usersapp/views.py changed, reloading.
26-Jul-20 12:11:57 - INFO - /home/kakajan/Projects/Kitap/usersapp/forms.py changed, reloading.
26-Jul-20 12:13:30 - INFO - /home/kakajan/Projects/Kitap/kitap/urls.py changed, reloading.
